This file contains any messages produced by compilers while
running configure, to aid debugging if configure makes a mistake.

It was created by configure, which was
generated by GNU Autoconf 2.69.  Invocation command line was

  $ ./configure --enable-zephlack

## --------- ##
## Platform. ##
## --------- ##

hostname = Nathan-Home
uname -m = x86_64
uname -r = 3.13.0-43-generic
uname -s = Linux
uname -v = #72-Ubuntu SMP Mon Dec 8 19:35:06 UTC 2014

/usr/bin/uname -p = unknown
/bin/uname -X     = unknown

/bin/arch              = unknown
/usr/bin/arch -k       = unknown
/usr/convex/getsysinfo = unknown
/usr/bin/hostinfo      = unknown
/bin/machine           = unknown
/usr/bin/oslevel       = unknown
/bin/universe          = unknown

PATH: /usr/local/sbin
PATH: /usr/local/bin
PATH: /usr/sbin
PATH: /usr/bin
PATH: /sbin
PATH: /bin
PATH: /usr/games
PATH: /usr/local/games


## ----------- ##
## Core tests. ##
## ----------- ##

configure:2123: checking for grep that handles long lines and -e
configure:2181: result: /bin/grep
configure:2186: checking for egrep
configure:2248: result: /bin/grep -E
configure:2253: checking for a sed that does not truncate output
configure:2317: result: /bin/sed
configure:2509: checking for C compiler version
configure:2518: gcc --version >&5
gcc (Ubuntu 4.8.2-19ubuntu1) 4.8.2
Copyright (C) 2013 Free Software Foundation, Inc.
This is free software; see the source for copying conditions.  There is NO
warranty; not even for MERCHANTABILITY or FITNESS FOR A PARTICULAR PURPOSE.

configure:2529: $? = 0
configure:2518: gcc -v >&5
Using built-in specs.
COLLECT_GCC=gcc
COLLECT_LTO_WRAPPER=/usr/lib/gcc/x86_64-linux-gnu/4.8/lto-wrapper
Target: x86_64-linux-gnu
Configured with: ../src/configure -v --with-pkgversion='Ubuntu 4.8.2-19ubuntu1' --with-bugurl=file:///usr/share/doc/gcc-4.8/README.Bugs --enable-languages=c,c++,java,go,d,fortran,objc,obj-c++ --prefix=/usr --program-suffix=-4.8 --enable-shared --enable-linker-build-id --libexecdir=/usr/lib --without-included-gettext --enable-threads=posix --with-gxx-include-dir=/usr/include/c++/4.8 --libdir=/usr/lib --enable-nls --with-sysroot=/ --enable-clocale=gnu --enable-libstdcxx-debug --enable-libstdcxx-time=yes --enable-gnu-unique-object --disable-libmudflap --enable-plugin --with-system-zlib --disable-browser-plugin --enable-java-awt=gtk --enable-gtk-cairo --with-java-home=/usr/lib/jvm/java-1.5.0-gcj-4.8-amd64/jre --enable-java-home --with-jvm-root-dir=/usr/lib/jvm/java-1.5.0-gcj-4.8-amd64 --with-jvm-jar-dir=/usr/lib/jvm-exports/java-1.5.0-gcj-4.8-amd64 --with-arch-directory=amd64 --with-ecj-jar=/usr/share/java/eclipse-ecj.jar --enable-objc-gc --enable-multiarch --disable-werror --with-arch-32=i686 --with-abi=m64 --with-multilib-list=m32,m64,mx32 --with-tune=generic --enable-checking=release --build=x86_64-linux-gnu --host=x86_64-linux-gnu --target=x86_64-linux-gnu
Thread model: posix
gcc version 4.8.2 (Ubuntu 4.8.2-19ubuntu1) 
configure:2529: $? = 0
configure:2518: gcc -V >&5
gcc: error: unrecognized command line option '-V'
gcc: fatal error: no input files
compilation terminated.
configure:2529: $? = 4
configure:2518: gcc -qversion >&5
gcc: error: unrecognized command line option '-qversion'
gcc: fatal error: no input files
compilation terminated.
configure:2529: $? = 4
configure:2549: checking whether the C compiler works
configure:2571: gcc -O2 -fvisibility=hidden -Wparentheses -flto -DZEPHIR_RELEASE=1   conftest.c  >&5
configure:2575: $? = 0
configure:2623: result: yes
configure:2626: checking for C compiler default output file name
configure:2628: result: a.out
configure:2634: checking for suffix of executables
configure:2641: gcc -o conftest -O2 -fvisibility=hidden -Wparentheses -flto -DZEPHIR_RELEASE=1   conftest.c  >&5
configure:2645: $? = 0
configure:2667: result: 
configure:2689: checking whether we are cross compiling
configure:2697: gcc -o conftest -O2 -fvisibility=hidden -Wparentheses -flto -DZEPHIR_RELEASE=1   conftest.c  >&5
configure:2701: $? = 0
configure:2708: ./conftest
configure:2712: $? = 0
configure:2727: result: no
configure:2732: checking for suffix of object files
configure:2754: gcc -c -O2 -fvisibility=hidden -Wparentheses -flto -DZEPHIR_RELEASE=1  conftest.c >&5
configure:2758: $? = 0
configure:2779: result: o
configure:2783: checking whether we are using the GNU C compiler
configure:2802: gcc -c -O2 -fvisibility=hidden -Wparentheses -flto -DZEPHIR_RELEASE=1  conftest.c >&5
configure:2802: $? = 0
configure:2811: result: yes
configure:2820: checking whether gcc accepts -g
configure:2840: gcc -c -g  conftest.c >&5
configure:2840: $? = 0
configure:2881: result: yes
configure:2898: checking for gcc option to accept ISO C89
configure:2961: gcc  -c -O2 -fvisibility=hidden -Wparentheses -flto -DZEPHIR_RELEASE=1  conftest.c >&5
configure:2961: $? = 0
configure:2974: result: none needed
configure:3000: checking how to run the C preprocessor
configure:3031: gcc -E  conftest.c
configure:3031: $? = 0
configure:3045: gcc -E  conftest.c
conftest.c:9:28: fatal error: ac_nonexistent.h: No such file or directory
 #include <ac_nonexistent.h>
                            ^
compilation terminated.
configure:3045: $? = 1
configure: failed program was:
| /* confdefs.h */
| #define PACKAGE_NAME ""
| #define PACKAGE_TARNAME ""
| #define PACKAGE_VERSION ""
| #define PACKAGE_STRING ""
| #define PACKAGE_BUGREPORT ""
| #define PACKAGE_URL ""
| /* end confdefs.h.  */
| #include <ac_nonexistent.h>
configure:3070: result: gcc -E
configure:3090: gcc -E  conftest.c
configure:3090: $? = 0
configure:3104: gcc -E  conftest.c
conftest.c:9:28: fatal error: ac_nonexistent.h: No such file or directory
 #include <ac_nonexistent.h>
                            ^
compilation terminated.
configure:3104: $? = 1
configure: failed program was:
| /* confdefs.h */
| #define PACKAGE_NAME ""
| #define PACKAGE_TARNAME ""
| #define PACKAGE_VERSION ""
| #define PACKAGE_STRING ""
| #define PACKAGE_BUGREPORT ""
| #define PACKAGE_URL ""
| /* end confdefs.h.  */
| #include <ac_nonexistent.h>
configure:3135: checking for icc
configure:3144: result: no
configure:3158: checking for suncc
configure:3167: result: no
configure:3182: checking whether gcc and cc understand -c and -o together
configure:3213: gcc -c conftest.c -o conftest2.o >&5
configure:3217: $? = 0
configure:3223: gcc -c conftest.c -o conftest2.o >&5
configure:3227: $? = 0
configure:3238: cc -c conftest.c >&5
configure:3242: $? = 0
configure:3250: cc -c conftest.c -o conftest2.o >&5
configure:3254: $? = 0
configure:3260: cc -c conftest.c -o conftest2.o >&5
configure:3264: $? = 0
configure:3282: result: yes
configure:3296: checking for system library directory
configure:3311: result: lib
configure:3318: checking if compiler supports -R
configure:3337: gcc -o conftest -O2 -fvisibility=hidden -Wparentheses -flto -DZEPHIR_RELEASE=1   conftest.c -R /usr/lib  >&5
gcc: error: unrecognized command line option '-R'
configure:3337: $? = 1
configure: failed program was:
| /* confdefs.h */
| #define PACKAGE_NAME ""
| #define PACKAGE_TARNAME ""
| #define PACKAGE_VERSION ""
| #define PACKAGE_STRING ""
| #define PACKAGE_BUGREPORT ""
| #define PACKAGE_URL ""
| /* end confdefs.h.  */
| 
| int
| main ()
| {
| 
|   ;
|   return 0;
| }
configure:3347: result: no
configure:3352: checking if compiler supports -Wl,-rpath,
configure:3371: gcc -o conftest -O2 -fvisibility=hidden -Wparentheses -flto -DZEPHIR_RELEASE=1   conftest.c -Wl,-rpath,/usr/lib  >&5
configure:3371: $? = 0
configure:3381: result: yes
configure:3426: checking build system type
configure:3440: result: x86_64-unknown-linux-gnu
configure:3460: checking host system type
configure:3473: result: x86_64-unknown-linux-gnu
configure:3493: checking target system type
configure:3506: result: x86_64-unknown-linux-gnu
configure:3609: checking for PHP prefix
configure:3611: result: /usr
configure:3613: checking for PHP includes
configure:3615: result: -I/usr/include/php5 -I/usr/include/php5/main -I/usr/include/php5/TSRM -I/usr/include/php5/Zend -I/usr/include/php5/ext -I/usr/include/php5/ext/date/lib
configure:3617: checking for PHP extension directory
configure:3619: result: /usr/lib/php5/20121212
configure:3621: checking for PHP installed headers prefix
configure:3623: result: /usr/include/php5
configure:3626: checking if debug is enabled
configure:3652: result: no
configure:3655: checking if zts is enabled
configure:3681: result: no
configure:3752: checking for re2c
configure:3768: found /usr/bin/re2c
configure:3779: result: re2c
configure:3788: checking for re2c version
configure:3802: result: 0.13.5 (ok)
configure:3821: checking for gawk
configure:3852: result: no
configure:3821: checking for nawk
configure:3838: found /usr/bin/nawk
configure:3849: result: nawk
configure:3872: checking if nawk is broken
configure:3879: result: no
configure:3892: checking whether to enable zephlack
configure:3931: result: yes, shared
configure:4351: checking whether HAVE_BUNDLED_PCRE is declared
configure:4351: gcc -c -O2 -fvisibility=hidden -Wparentheses -flto -DZEPHIR_RELEASE=1  -I/usr/include/php5 -I/usr/include/php5/main -I/usr/include/php5/TSRM -I/usr/include/php5/Zend -I/usr/include/php5/ext -I/usr/include/php5/ext/date/lib conftest.c >&5
conftest.c: In function 'main':
conftest.c:21:10: error: 'HAVE_BUNDLED_PCRE' undeclared (first use in this function)
   (void) HAVE_BUNDLED_PCRE;
          ^
conftest.c:21:10: note: each undeclared identifier is reported only once for each function it appears in
configure:4351: $? = 1
configure: failed program was:
| /* confdefs.h */
| #define PACKAGE_NAME ""
| #define PACKAGE_TARNAME ""
| #define PACKAGE_VERSION ""
| #define PACKAGE_STRING ""
| #define PACKAGE_BUGREPORT ""
| #define PACKAGE_URL ""
| #define HAVE_ZEPHLACK 1
| #define COMPILE_DL_ZEPHLACK 1
| /* end confdefs.h.  */
| #include "php_config.h"
| 
| 
| int
| main ()
| {
| #ifndef HAVE_BUNDLED_PCRE
| #ifdef __cplusplus
|   (void) HAVE_BUNDLED_PCRE;
| #else
|   (void) HAVE_BUNDLED_PCRE;
| #endif
| #endif
| 
|   ;
|   return 0;
| }
configure:4351: result: no
configure:4397: checking whether HAVE_JSON is declared
configure:4397: gcc -c -O2 -fvisibility=hidden -Wparentheses -flto -DZEPHIR_RELEASE=1  -I/usr/include/php5 -I/usr/include/php5/main -I/usr/include/php5/TSRM -I/usr/include/php5/Zend -I/usr/include/php5/ext -I/usr/include/php5/ext/date/lib conftest.c >&5
conftest.c: In function 'main':
conftest.c:21:10: error: 'HAVE_JSON' undeclared (first use in this function)
   (void) HAVE_JSON;
          ^
conftest.c:21:10: note: each undeclared identifier is reported only once for each function it appears in
configure:4397: $? = 1
configure: failed program was:
| /* confdefs.h */
| #define PACKAGE_NAME ""
| #define PACKAGE_TARNAME ""
| #define PACKAGE_VERSION ""
| #define PACKAGE_STRING ""
| #define PACKAGE_BUGREPORT ""
| #define PACKAGE_URL ""
| #define HAVE_ZEPHLACK 1
| #define COMPILE_DL_ZEPHLACK 1
| /* end confdefs.h.  */
| #include "php_config.h"
| 
| 
| int
| main ()
| {
| #ifndef HAVE_JSON
| #ifdef __cplusplus
|   (void) HAVE_JSON;
| #else
|   (void) HAVE_JSON;
| #endif
| #endif
| 
|   ;
|   return 0;
| }
configure:4397: result: no
configure:4524: checking how to print strings
configure:4551: result: printf
configure:4572: checking for a sed that does not truncate output
configure:4636: result: /bin/sed
configure:4654: checking for fgrep
configure:4716: result: /bin/grep -F
configure:4751: checking for ld used by gcc
configure:4818: result: /usr/bin/ld
configure:4825: checking if the linker (/usr/bin/ld) is GNU ld
configure:4840: result: yes
configure:4852: checking for BSD- or MS-compatible name lister (nm)
configure:4901: result: /usr/bin/nm -B
configure:5031: checking the name lister (/usr/bin/nm -B) interface
configure:5038: gcc -c -O2 -fvisibility=hidden -Wparentheses -flto -DZEPHIR_RELEASE=1  conftest.c >&5
configure:5041: /usr/bin/nm -B "conftest.o"
configure:5044: output
0000000000000001 C __gnu_lto_v1
0000000000000000 B some_variable
configure:5051: result: BSD nm
configure:5054: checking whether ln -s works
configure:5058: result: yes
configure:5066: checking the maximum length of command line arguments
configure:5197: result: 1572864
configure:5214: checking whether the shell understands some XSI constructs
configure:5224: result: yes
configure:5228: checking whether the shell understands "+="
configure:5234: result: yes
configure:5269: checking how to convert x86_64-unknown-linux-gnu file names to x86_64-unknown-linux-gnu format
configure:5309: result: func_convert_file_noop
configure:5316: checking how to convert x86_64-unknown-linux-gnu file names to toolchain format
configure:5336: result: func_convert_file_noop
configure:5343: checking for /usr/bin/ld option to reload object files
configure:5350: result: -r
configure:5424: checking for objdump
configure:5440: found /usr/bin/objdump
configure:5451: result: objdump
configure:5483: checking how to recognize dependent libraries
configure:5681: result: pass_all
configure:5766: checking for dlltool
configure:5796: result: no
configure:5826: checking how to associate runtime and link libraries
configure:5853: result: printf %s\n
configure:5913: checking for ar
configure:5929: found /usr/bin/ar
configure:5940: result: ar
configure:5977: checking for archiver @FILE support
configure:5994: gcc -c -O2 -fvisibility=hidden -Wparentheses -flto -DZEPHIR_RELEASE=1  conftest.c >&5
configure:5994: $? = 0
configure:5997: ar cru libconftest.a @conftest.lst >&5
configure:6000: $? = 0
configure:6005: ar cru libconftest.a @conftest.lst >&5
ar: conftest.o: No such file or directory
configure:6008: $? = 1
configure:6020: result: @
configure:6078: checking for strip
configure:6094: found /usr/bin/strip
configure:6105: result: strip
configure:6177: checking for ranlib
configure:6193: found /usr/bin/ranlib
configure:6204: result: ranlib
configure:6281: checking for gawk
configure:6308: result: nawk
configure:6348: checking command to parse /usr/bin/nm -B output from gcc object
configure:6468: gcc -c -O2 -fvisibility=hidden -Wparentheses -flto -DZEPHIR_RELEASE=1  conftest.c >&5
configure:6471: $? = 0
configure:6475: /usr/bin/nm -B conftest.o \| sed -n -e 's/^.*[ ]\([ABCDGIRSTW][ABCDGIRSTW]*\)[ ][ ]*\([_A-Za-z][_A-Za-z0-9]*\)$/\1 \2 \2/p' | sed '/ __gnu_lto/d' \> conftest.nm
configure:6478: $? = 0
configure:6544: gcc -o conftest -O2 -fvisibility=hidden -Wparentheses -flto -DZEPHIR_RELEASE=1   conftest.c conftstm.o >&5
configure:6547: $? = 0
configure:6585: result: ok
configure:6622: checking for sysroot
configure:6652: result: no
configure:6729: gcc -c -O2 -fvisibility=hidden -Wparentheses -flto -DZEPHIR_RELEASE=1  conftest.c >&5
configure:6732: $? = 0
configure:6921: checking for mt
configure:6937: found /bin/mt
configure:6948: result: mt
configure:6971: checking if mt is a manifest tool
configure:6977: mt '-?'
configure:6985: result: no
configure:7622: checking for ANSI C header files
configure:7642: gcc -c -O2 -fvisibility=hidden -Wparentheses -flto -DZEPHIR_RELEASE=1  conftest.c >&5
configure:7642: $? = 0
configure:7715: gcc -o conftest -O2 -fvisibility=hidden -Wparentheses -flto -DZEPHIR_RELEASE=1   conftest.c  >&5
configure:7715: $? = 0
configure:7715: ./conftest
configure:7715: $? = 0
configure:7726: result: yes
configure:7739: checking for sys/types.h
configure:7739: gcc -c -O2 -fvisibility=hidden -Wparentheses -flto -DZEPHIR_RELEASE=1  conftest.c >&5
configure:7739: $? = 0
configure:7739: result: yes
configure:7739: checking for sys/stat.h
configure:7739: gcc -c -O2 -fvisibility=hidden -Wparentheses -flto -DZEPHIR_RELEASE=1  conftest.c >&5
configure:7739: $? = 0
configure:7739: result: yes
configure:7739: checking for stdlib.h
configure:7739: gcc -c -O2 -fvisibility=hidden -Wparentheses -flto -DZEPHIR_RELEASE=1  conftest.c >&5
configure:7739: $? = 0
configure:7739: result: yes
configure:7739: checking for string.h
configure:7739: gcc -c -O2 -fvisibility=hidden -Wparentheses -flto -DZEPHIR_RELEASE=1  conftest.c >&5
configure:7739: $? = 0
configure:7739: result: yes
configure:7739: checking for memory.h
configure:7739: gcc -c -O2 -fvisibility=hidden -Wparentheses -flto -DZEPHIR_RELEASE=1  conftest.c >&5
configure:7739: $? = 0
configure:7739: result: yes
configure:7739: checking for strings.h
configure:7739: gcc -c -O2 -fvisibility=hidden -Wparentheses -flto -DZEPHIR_RELEASE=1  conftest.c >&5
configure:7739: $? = 0
configure:7739: result: yes
configure:7739: checking for inttypes.h
configure:7739: gcc -c -O2 -fvisibility=hidden -Wparentheses -flto -DZEPHIR_RELEASE=1  conftest.c >&5
configure:7739: $? = 0
configure:7739: result: yes
configure:7739: checking for stdint.h
configure:7739: gcc -c -O2 -fvisibility=hidden -Wparentheses -flto -DZEPHIR_RELEASE=1  conftest.c >&5
configure:7739: $? = 0
configure:7739: result: yes
configure:7739: checking for unistd.h
configure:7739: gcc -c -O2 -fvisibility=hidden -Wparentheses -flto -DZEPHIR_RELEASE=1  conftest.c >&5
configure:7739: $? = 0
configure:7739: result: yes
configure:7753: checking for dlfcn.h
configure:7753: gcc -c -O2 -fvisibility=hidden -Wparentheses -flto -DZEPHIR_RELEASE=1  conftest.c >&5
configure:7753: $? = 0
configure:7753: result: yes
configure:7959: checking for objdir
configure:7974: result: .libs
configure:8245: checking if gcc supports -fno-rtti -fno-exceptions
configure:8263: gcc -c -O2 -fvisibility=hidden -Wparentheses -flto -DZEPHIR_RELEASE=1  -fno-rtti -fno-exceptions conftest.c >&5
cc1: warning: command line option '-fno-rtti' is valid for C++/ObjC++ but not for C [enabled by default]
configure:8267: $? = 0
configure:8280: result: no
configure:8607: checking for gcc option to produce PIC
configure:8614: result: -fPIC -DPIC
configure:8622: checking if gcc PIC flag -fPIC -DPIC works
configure:8640: gcc -c -O2 -fvisibility=hidden -Wparentheses -flto -DZEPHIR_RELEASE=1  -fPIC -DPIC -DPIC conftest.c >&5
configure:8644: $? = 0
configure:8657: result: yes
configure:8686: checking if gcc static flag -static works
configure:8714: result: yes
configure:8729: checking if gcc supports -c -o file.o
configure:8750: gcc -c -O2 -fvisibility=hidden -Wparentheses -flto -DZEPHIR_RELEASE=1  -o out/conftest2.o conftest.c >&5
configure:8754: $? = 0
configure:8776: result: yes
configure:8784: checking if gcc supports -c -o file.o
configure:8831: result: yes
configure:8864: checking whether the gcc linker (/usr/bin/ld -m elf_x86_64) supports shared libraries
configure:10021: result: yes
configure:10058: checking whether -lc should be explicitly linked in
configure:10066: gcc -c -O2 -fvisibility=hidden -Wparentheses -flto -DZEPHIR_RELEASE=1  conftest.c >&5
configure:10069: $? = 0
configure:10084: gcc -shared  -fPIC -DPIC conftest.o  -v -Wl,-soname -Wl,conftest -o conftest 2\>\&1 \| /bin/grep  -lc  \>/dev/null 2\>\&1
configure:10087: $? = 0
configure:10101: result: no
configure:10261: checking dynamic linker characteristics
configure:10761: gcc -o conftest -O2 -fvisibility=hidden -Wparentheses -flto -DZEPHIR_RELEASE=1   -Wl,-rpath -Wl,/foo conftest.c  >&5
configure:10761: $? = 0
configure:10995: result: GNU/Linux ld.so
configure:11102: checking how to hardcode library paths into programs
configure:11127: result: immediate
configure:11667: checking whether stripping libraries is possible
configure:11672: result: yes
configure:11707: checking if libtool supports shared libraries
configure:11709: result: yes
configure:11712: checking whether to build shared libraries
configure:11733: result: yes
configure:11736: checking whether to build static libraries
configure:11740: result: no
configure:12016: creating ./config.status

## ---------------------- ##
## Running config.status. ##
## ---------------------- ##

This file was extended by config.status, which was
generated by GNU Autoconf 2.69.  Invocation command line was

  CONFIG_FILES    = 
  CONFIG_HEADERS  = 
  CONFIG_LINKS    = 
  CONFIG_COMMANDS = 
  $ ./config.status 

on Nathan-Home

config.status:887: creating config.h
config.status:991: executing libtool commands

## ---------------- ##
## Cache variables. ##
## ---------------- ##

ac_cv_build=x86_64-unknown-linux-gnu
ac_cv_c_compiler_gnu=yes
ac_cv_env_CC_set=set
ac_cv_env_CC_value=gcc
ac_cv_env_CFLAGS_set=set
ac_cv_env_CFLAGS_value='-O2 -fvisibility=hidden -Wparentheses -flto -DZEPHIR_RELEASE=1'
ac_cv_env_CPPFLAGS_set=
ac_cv_env_CPPFLAGS_value=
ac_cv_env_CPP_set=
ac_cv_env_CPP_value=
ac_cv_env_LDFLAGS_set=
ac_cv_env_LDFLAGS_value=
ac_cv_env_LIBS_set=
ac_cv_env_LIBS_value=
ac_cv_env_build_alias_set=
ac_cv_env_build_alias_value=
ac_cv_env_host_alias_set=
ac_cv_env_host_alias_value=
ac_cv_env_target_alias_set=
ac_cv_env_target_alias_value=
ac_cv_have_decl_HAVE_BUNDLED_PCRE=no
ac_cv_have_decl_HAVE_JSON=no
ac_cv_header_dlfcn_h=yes
ac_cv_header_inttypes_h=yes
ac_cv_header_memory_h=yes
ac_cv_header_stdc=yes
ac_cv_header_stdint_h=yes
ac_cv_header_stdlib_h=yes
ac_cv_header_string_h=yes
ac_cv_header_strings_h=yes
ac_cv_header_sys_stat_h=yes
ac_cv_header_sys_types_h=yes
ac_cv_header_unistd_h=yes
ac_cv_host=x86_64-unknown-linux-gnu
ac_cv_objext=o
ac_cv_path_EGREP='/bin/grep -E'
ac_cv_path_FGREP='/bin/grep -F'
ac_cv_path_GREP=/bin/grep
ac_cv_path_SED=/bin/sed
ac_cv_prog_AWK=nawk
ac_cv_prog_CPP='gcc -E'
ac_cv_prog_RE2C=re2c
ac_cv_prog_ac_ct_AR=ar
ac_cv_prog_ac_ct_MANIFEST_TOOL=mt
ac_cv_prog_ac_ct_OBJDUMP=objdump
ac_cv_prog_ac_ct_RANLIB=ranlib
ac_cv_prog_ac_ct_STRIP=strip
ac_cv_prog_cc_c89=
ac_cv_prog_cc_g=yes
ac_cv_prog_cc_gcc_c_o=yes
ac_cv_target=x86_64-unknown-linux-gnu
lt_cv_ar_at_file=@
lt_cv_archive_cmds_need_lc=no
lt_cv_deplibs_check_method=pass_all
lt_cv_file_magic_cmd='$MAGIC_CMD'
lt_cv_file_magic_test_file=
lt_cv_ld_reload_flag=-r
lt_cv_nm_interface='BSD nm'
lt_cv_objdir=.libs
lt_cv_path_LD=/usr/bin/ld
lt_cv_path_NM='/usr/bin/nm -B'
lt_cv_path_mainfest_tool=no
lt_cv_prog_compiler_c_o=yes
lt_cv_prog_compiler_pic='-fPIC -DPIC'
lt_cv_prog_compiler_pic_works=yes
lt_cv_prog_compiler_rtti_exceptions=no
lt_cv_prog_compiler_static_works=yes
lt_cv_prog_gnu_ld=yes
lt_cv_sharedlib_from_linklib_cmd='printf %s\n'
lt_cv_shlibpath_overrides_runpath=no
lt_cv_sys_global_symbol_pipe='sed -n -e '\''s/^.*[	 ]\([ABCDGIRSTW][ABCDGIRSTW]*\)[	 ][	 ]*\([_A-Za-z][_A-Za-z0-9]*\)$/\1 \2 \2/p'\'' | sed '\''/ __gnu_lto/d'\'''
lt_cv_sys_global_symbol_to_c_name_address='sed -n -e '\''s/^: \([^ ]*\)[ ]*$/  {\"\1\", (void *) 0},/p'\'' -e '\''s/^[ABCDGIRSTW]* \([^ ]*\) \([^ ]*\)$/  {"\2", (void *) \&\2},/p'\'''
lt_cv_sys_global_symbol_to_c_name_address_lib_prefix='sed -n -e '\''s/^: \([^ ]*\)[ ]*$/  {\"\1\", (void *) 0},/p'\'' -e '\''s/^[ABCDGIRSTW]* \([^ ]*\) \(lib[^ ]*\)$/  {"\2", (void *) \&\2},/p'\'' -e '\''s/^[ABCDGIRSTW]* \([^ ]*\) \([^ ]*\)$/  {"lib\2", (void *) \&\2},/p'\'''
lt_cv_sys_global_symbol_to_cdecl='sed -n -e '\''s/^T .* \(.*\)$/extern int \1();/p'\'' -e '\''s/^[ABCDGIRSTW]* .* \(.*\)$/extern char \1;/p'\'''
lt_cv_sys_max_cmd_len=1572864
lt_cv_to_host_file_cmd=func_convert_file_noop
lt_cv_to_tool_file_cmd=func_convert_file_noop
php_cv_cc_dashr=no
php_cv_cc_rpath=yes
php_cv_re2c_version='0.13.5 (ok)'

## ----------------- ##
## Output variables. ##
## ----------------- ##

AR='ar'
AWK='nawk'
CC='gcc'
CFLAGS='-O2 -fvisibility=hidden -Wparentheses -flto -DZEPHIR_RELEASE=1'
CONFIGURE_COMMAND=' '\''./configure'\''  '\''--enable-zephlack'\'''
CONFIGURE_OPTIONS=' '\''--enable-zephlack'\'''
CPP='gcc -E'
CPPFLAGS=' -DHAVE_CONFIG_H'
DEFS='-DHAVE_CONFIG_H'
DLLTOOL='false'
DSYMUTIL=''
DUMPBIN=''
ECHO_C=''
ECHO_N='-n'
ECHO_T=''
EGREP='/bin/grep -E'
EXEEXT=''
FGREP='/bin/grep -F'
GREP='/bin/grep'
LD='/usr/bin/ld -m elf_x86_64'
LDFLAGS=''
LIBOBJS=''
LIBS=''
LIBTOOL='$(SHELL) $(top_builddir)/libtool'
LIPO=''
LN_S='ln -s'
LTLIBOBJS=''
MANIFEST_TOOL=':'
NM='/usr/bin/nm -B'
NMEDIT=''
OBJDUMP='objdump'
OBJEXT='o'
OTOOL64=''
OTOOL=''
PACKAGE_BUGREPORT=''
PACKAGE_NAME=''
PACKAGE_STRING=''
PACKAGE_TARNAME=''
PACKAGE_URL=''
PACKAGE_VERSION=''
PATH_SEPARATOR=':'
RANLIB='ranlib'
RE2C='re2c'
SED='/bin/sed'
SHELL='/bin/bash'
SHLIB_DL_SUFFIX_NAME='so'
SHLIB_SUFFIX_NAME='so'
STRIP='strip'
ac_ct_AR='ar'
ac_ct_CC=''
ac_ct_DUMPBIN=''
bindir='${exec_prefix}/bin'
build='x86_64-unknown-linux-gnu'
build_alias=''
build_cpu='x86_64'
build_os='linux-gnu'
build_vendor='unknown'
datadir='${datarootdir}'
datarootdir='${prefix}/share'
docdir='${datarootdir}/doc/${PACKAGE}'
dvidir='${docdir}'
exec_prefix='$(prefix)'
host='x86_64-unknown-linux-gnu'
host_alias='x86_64-unknown-linux-gnu'
host_cpu='x86_64'
host_os='linux-gnu'
host_vendor='unknown'
htmldir='${docdir}'
includedir='${prefix}/include'
infodir='${datarootdir}/info'
libdir='${exec_prefix}/lib'
libexecdir='${exec_prefix}/libexec'
localedir='${datarootdir}/locale'
localstatedir='${prefix}/var'
mandir='${datarootdir}/man'
oldincludedir='/usr/include'
pdfdir='${docdir}'
prefix='/usr'
program_transform_name='s,x,x,'
psdir='${docdir}'
sbindir='${exec_prefix}/sbin'
sharedstatedir='${prefix}/com'
sysconfdir='${prefix}/etc'
target='x86_64-unknown-linux-gnu'
target_alias=''
target_cpu='x86_64'
target_os='linux-gnu'
target_vendor='unknown'

## ----------- ##
## confdefs.h. ##
## ----------- ##

/* confdefs.h */
#define PACKAGE_NAME ""
#define PACKAGE_TARNAME ""
#define PACKAGE_VERSION ""
#define PACKAGE_STRING ""
#define PACKAGE_BUGREPORT ""
#define PACKAGE_URL ""
#define HAVE_ZEPHLACK 1
#define COMPILE_DL_ZEPHLACK 1
#define STDC_HEADERS 1
#define HAVE_SYS_TYPES_H 1
#define HAVE_SYS_STAT_H 1
#define HAVE_STDLIB_H 1
#define HAVE_STRING_H 1
#define HAVE_MEMORY_H 1
#define HAVE_STRINGS_H 1
#define HAVE_INTTYPES_H 1
#define HAVE_STDINT_H 1
#define HAVE_UNISTD_H 1
#define HAVE_DLFCN_H 1
#define LT_OBJDIR ".libs/"

configure: exit 0
